WCCILevent   (0), 2026.04.12 12:03:04.929, SYS,  INFO,        1, Manager Start, PROJ, precast, V 3.20 - 3.20.10 platform Windows AMD64 linked at Nov  7 2025 20:32:42 (77ea8a637e)
WCCILevent   (0), 2026.04.12 12:03:04.930, SYS,  INFO,      108, License information, Wibu CodeMeter License
WCCILevent   (0), 2026.04.12 12:03:05.986, SYS,  WARNING,   105, Invalid license, CodeMeter request for: event (9921) - returned: CmContainer Entry not found, Error 200.
WCCILevent   (0), 2026.04.12 12:03:05.988, SYS,  WARNING,   105, Invalid license, CodeMeter request for: event (9921) - returned: CmContainer Entry not found, Error 200.
WCCILevent   (0), 2026.04.12 12:03:05.989, SYS,  SEVERE,    105, Invalid license, LAPTOP-SF9TOL9F: No license found
WCCILevent   (0), 2026.04.12 12:03:05.990, SYS,  INFO,        3, Trying to connect to (SYS: 0 Data -num 0 CONN: 1) @ localhost:4897
WCCILevent   (0), 2026.04.12 12:03:05.998, SYS,  INFO,        4, Connected to (SYS: 0 Data -num 0 CONN: 1) @ LAPTOP-SF9TOL9F (::1)
WCCILevent   (0), 2026.04.12 12:03:06.007, PARAM,SEVERE,     71, DP does not exist, _Connections.Event.ManNums:_original.._value
WCCILevent   (0), 2026.04.12 12:03:06.007, PARAM,SEVERE,     71, DP does not exist, _Connections.Event.StartTimes:_original.._value
WCCILevent   (0), 2026.04.12 12:03:06.007, PARAM,SEVERE,     71, DP does not exist, _Connections.Event.HostNames:_original.._value
WCCILevent   (0), 2026.04.12 12:03:06.007, PARAM,SEVERE,     71, DP does not exist, _Connections.Driver.ManNums:_original.._value
WCCILevent   (0), 2026.04.12 12:03:06.007, PARAM,SEVERE,     71, DP does not exist, _Connections.Driver.StartTimes:_original.._value
WCCILevent   (0), 2026.04.12 12:03:06.007, PARAM,SEVERE,     71, DP does not exist, _Connections.Driver.HostNames:_original.._value
WCCILevent   (0), 2026.04.12 12:03:06.007, PARAM,SEVERE,     71, DP does not exist, _Connections.Data.ManNums:_original.._value
WCCILevent   (0), 2026.04.12 12:03:06.007, PARAM,SEVERE,     71, DP does not exist, _Connections.Data.StartTimes:_original.._value
WCCILevent   (0), 2026.04.12 12:03:06.007, PARAM,SEVERE,     71, DP does not exist, _Connections.Data.HostNames:_original.._value
WCCILevent   (0), 2026.04.12 12:03:06.007, PARAM,SEVERE,     71, DP does not exist, _Connections.Ui.ManNums:_original.._value
WCCILevent   (0), 2026.04.12 12:03:06.007, PARAM,SEVERE,     71, DP does not exist, _Connections.Ui.StartTimes:_original.._value
WCCILevent   (0), 2026.04.12 12:03:06.007, PARAM,SEVERE,     71, DP does not exist, _Connections.Ui.HostNames:_original.._value
WCCILevent   (0), 2026.04.12 12:03:06.007, PARAM,SEVERE,     71, DP does not exist, _Connections.Ctrl.ManNums:_original.._value
WCCILevent   (0), 2026.04.12 12:03:06.007, PARAM,SEVERE,     71, DP does not exist, _Connections.Ctrl.StartTimes:_original.._value
WCCILevent   (0), 2026.04.12 12:03:06.007, PARAM,SEVERE,     71, DP does not exist, _Connections.Ctrl.HostNames:_original.._value
WCCILevent   (0), 2026.04.12 12:03:06.007, PARAM,SEVERE,     71, DP does not exist, _Connections.Ascii.ManNums:_original.._value
WCCILevent   (0), 2026.04.12 12:03:06.007, PARAM,SEVERE,     71, DP does not exist, _Connections.Ascii.StartTimes:_original.._value
WCCILevent   (0), 2026.04.12 12:03:06.007, PARAM,SEVERE,     71, DP does not exist, _Connections.Ascii.HostNames:_original.._value
WCCILevent   (0), 2026.04.12 12:03:06.007, PARAM,SEVERE,     71, DP does not exist, _Connections.Api.ManNums:_original.._value
WCCILevent   (0), 2026.04.12 12:03:06.007, PARAM,SEVERE,     71, DP does not exist, _Connections.Api.StartTimes:_original.._value
WCCILevent   (0), 2026.04.12 12:03:06.007, PARAM,SEVERE,     71, DP does not exist, _Connections.Api.HostNames:_original.._value
WCCILevent   (0), 2026.04.12 12:03:06.007, PARAM,SEVERE,     71, DP does not exist, _Connections.Device.ManNums:_original.._value
WCCILevent   (0), 2026.04.12 12:03:06.007, PARAM,SEVERE,     71, DP does not exist, _Connections.Device.StartTimes:_original.._value
WCCILevent   (0), 2026.04.12 12:03:06.007, PARAM,SEVERE,     71, DP does not exist, _Connections.Device.HostNames:_original.._value
WCCILevent   (0), 2026.04.12 12:03:06.007, PARAM,SEVERE,     71, DP does not exist, _Connections.Redu.ManNums:_original.._value
WCCILevent   (0), 2026.04.12 12:03:06.007, PARAM,SEVERE,     71, DP does not exist, _Connections.Redu.StartTimes:_original.._value
WCCILevent   (0), 2026.04.12 12:03:06.007, PARAM,SEVERE,     71, DP does not exist, _Connections.Redu.HostNames:_original.._value
WCCILevent   (0), 2026.04.12 12:03:06.007, PARAM,SEVERE,     71, DP does not exist, _Connections.Report.ManNums:_original.._value
WCCILevent   (0), 2026.04.12 12:03:06.007, PARAM,SEVERE,     71, DP does not exist, _Connections.Report.StartTimes:_original.._value
WCCILevent   (0), 2026.04.12 12:03:06.007, PARAM,SEVERE,     71, DP does not exist, _Connections.Report.HostNames:_original.._value
WCCILevent   (0), 2026.04.12 12:03:06.007, PARAM,SEVERE,     71, DP does not exist, _Connections.Dde.ManNums:_original.._value
WCCILevent   (0), 2026.04.12 12:03:06.007, PARAM,SEVERE,     71, DP does not exist, _Connections.Dde.StartTimes:_original.._value
WCCILevent   (0), 2026.04.12 12:03:06.007, PARAM,SEVERE,     71, DP does not exist, _Connections.Dde.HostNames:_original.._value
WCCILevent   (0), 2026.04.12 12:03:06.007, PARAM,SEVERE,     71, DP does not exist, _Connections.Dist.ManNums:_original.._value
WCCILevent   (0), 2026.04.12 12:03:06.007, PARAM,SEVERE,     71, DP does not exist, _Connections.Dist.StartTimes:_original.._value
WCCILevent   (0), 2026.04.12 12:03:06.007, PARAM,SEVERE,     71, DP does not exist, _Connections.Dist.HostNames:_original.._value
WCCILevent   (0), 2026.04.12 12:03:06.010, SYS,  WARNING,   105, Invalid license, CodeMeter request for: event (9921) - returned: CmContainer Entry not found, Error 200.
WCCILevent   (0), 2026.04.12 12:03:06.012, SYS,  WARNING,   105, Invalid license, CodeMeter request for: event (9921) - returned: CmContainer Entry not found, Error 200.
WCCILevent   (0), 2026.04.12 12:03:06.012, SYS,  SEVERE,    105, Invalid license, LAPTOP-SF9TOL9F: No license found
WCCILevent   (0), 2026.04.12 12:03:06.012, SYS,  INFO,        6, Initialization by Data Manager finished
WCCILevent   (0), 2026.04.12 12:03:06.034, SYS,  INFO,      169, Initialize 0 dp-functions
WCCILevent   (0), 2026.04.12 12:03:06.034, SYS,  INFO,      168, Initialize 0 alerts
WCCILevent   (0), 2026.04.12 12:03:06.035, PARAM,WARNING,     7, Datapoint does not exist, UserTable, UserTable, _Users.UserId
WCCILevent   (0), 2026.04.12 12:03:06.035, PARAM,WARNING,     7, Datapoint does not exist, ManagerTable, ManagerTable, _Managers.Auth.ManType
WCCILevent   (0), 2026.04.12 12:03:06.035, PARAM,WARNING,     7, Datapoint does not exist, EventManager, doDpConnect, _System.Auth.DpType:_original.._value
WCCILevent   (0), 2026.04.12 12:03:06.035, PARAM,WARNING,     7, Datapoint does not exist, EventManager, doDpConnect, _System.Auth.Dp:_original.._value
WCCILevent   (0), 2026.04.12 12:03:06.035, PARAM,WARNING,     7, Datapoint does not exist, EventManager, doDpConnect, _System.Auth.DpAuth:_original.._value
WCCILevent   (0), 2026.04.12 12:03:06.035, PARAM,WARNING,     7, Datapoint does not exist, EventManager, doDpConnect, _System.Auth.DpAlias:_original.._value
WCCILevent   (0), 2026.04.12 12:03:06.035, PARAM,WARNING,     8, Element does not exist, EventManager, doDpConnect, _Managers.Exit
WCCILevent   (0), 2026.04.12 12:03:06.035, PARAM,WARNING,     8, Element does not exist, EventManager, doDpConnect, _Managers.Refresh
WCCILevent   (0), 2026.04.12 12:03:06.036, SYS,  WARNING,   105, Invalid license, CodeMeter request for: event (9921) - returned: CmContainer Entry not found, Error 200.
WCCILevent   (0), 2026.04.12 12:03:06.037, SYS,  SEVERE,    105, Invalid license, LAPTOP-SF9TOL9F: No license found
WCCILevent   (0), 2026.04.12 12:03:06.037, SYS,  SEVERE,    105, Invalid license, Eventmanager will shutdown after the demo period of 7200 seconds
WCCILevent   (0), 2026.04.12 12:03:06.231, SYS,  WARNING,   105, Invalid license, LAPTOP-SF9TOL9F: No license found, Running as demo version, driver
WCCILevent   (0), 2026.04.12 12:03:06.237, SYS,  INFO,        4, Connected to (SYS: 1 Driver -num 2 CONN: 1) @ LAPTOP-SF9TOL9F (::1)
WCCILevent   (0), 2026.04.12 12:03:06.461, SYS,  WARNING,   105, Invalid license, LAPTOP-SF9TOL9F: No license found, Running as demo version, driver
WCCILevent   (0), 2026.04.12 12:03:06.468, SYS,  INFO,        4, Connected to (SYS: 1 Driver -num 1 CONN: 1) @ LAPTOP-SF9TOL9F (::1)
WCCILevent   (0), 2026.04.12 12:03:07.460, SYS,  WARNING,   105, Invalid license, LAPTOP-SF9TOL9F: No license found, Running as demo version, ascii
WCCILevent   (0), 2026.04.12 12:03:07.464, SYS,  INFO,        4, Connected to (SYS: 1 Ascii -num 1 CONN: 1) @ LAPTOP-SF9TOL9F (::1)
WCCILevent   (0), 2026.04.12 12:03:07.710, SYS,  INFO,       39, Connection lost, MAN: (SYS: 1 Ascii -num 1 CONN: 1), Connection closed
WCCILevent   (0), 2026.04.12 12:03:07.853, SYS,  WARNING,   105, Invalid license, LAPTOP-SF9TOL9F: No license found, Running as demo version, ascii
WCCILevent   (0), 2026.04.12 12:03:07.858, SYS,  INFO,        4, Connected to (SYS: 1 Ascii -num 1 CONN: 1) @ LAPTOP-SF9TOL9F (::1)
WCCILevent   (0), 2026.04.12 12:03:08.595, SYS,  INFO,       39, Connection lost, MAN: (SYS: 1 Ascii -num 1 CONN: 1), Connection closed
WCCILevent   (0), 2026.04.12 12:03:08.682, SYS,  WARNING,   105, Invalid license, LAPTOP-SF9TOL9F: No license found, Running as demo version, ascii
WCCILevent   (0), 2026.04.12 12:03:08.689, SYS,  INFO,        4, Connected to (SYS: 1 Ascii -num 1 CONN: 1) @ LAPTOP-SF9TOL9F (::1)
WCCILevent   (0), 2026.04.12 12:03:14.350, SYS,  INFO,       39, Connection lost, MAN: (SYS: 1 Ascii -num 1 CONN: 1), Connection closed
WCCILevent   (0), 2026.04.12 12:03:14.500, SYS,  WARNING,   105, Invalid license, LAPTOP-SF9TOL9F: No license found, Running as demo version, ascii
WCCILevent   (0), 2026.04.12 12:03:14.509, SYS,  INFO,        4, Connected to (SYS: 1 Ascii -num 1 CONN: 1) @ LAPTOP-SF9TOL9F (::1)
WCCILevent   (0), 2026.04.12 12:03:14.670, SYS,  INFO,       39, Connection lost, MAN: (SYS: 1 Ascii -num 1 CONN: 1), Connection closed
WCCILevent   (0), 2026.04.12 12:03:14.779, SYS,  WARNING,   105, Invalid license, LAPTOP-SF9TOL9F: No license found, Running as demo version, ctrl
WCCILevent   (0), 2026.04.12 12:03:14.789, SYS,  INFO,        4, Connected to (SYS: 1 Ctrl -num 1 CONN: 1) @ LAPTOP-SF9TOL9F (::1)
WCCILevent   (0), 2026.04.12 12:03:14.841, SYS,  INFO,       39, Connection lost, MAN: (SYS: 1 Ctrl -num 1 CONN: 1), Connection closed
WCCILevent   (0), 2026.04.12 12:03:14.929, SYS,  WARNING,   105, Invalid license, LAPTOP-SF9TOL9F: No license found, Running as demo version, ascii
WCCILevent   (0), 2026.04.12 12:03:14.939, SYS,  INFO,        4, Connected to (SYS: 1 Ascii -num 1 CONN: 1) @ LAPTOP-SF9TOL9F (::1)
WCCILevent   (0), 2026.04.12 12:03:14.948, SYS,  INFO,       39, Connection lost, MAN: (SYS: 1 Ascii -num 1 CONN: 1), Connection closed
WCCILevent   (0), 2026.04.12 12:03:15.061, SYS,  WARNING,   105, Invalid license, LAPTOP-SF9TOL9F: No license found, Running as demo version, ascii
WCCILevent   (0), 2026.04.12 12:03:15.072, SYS,  INFO,        4, Connected to (SYS: 1 Ascii -num 1 CONN: 1) @ LAPTOP-SF9TOL9F (::1)
WCCILevent   (0), 2026.04.12 12:03:15.079, SYS,  INFO,       39, Connection lost, MAN: (SYS: 1 Ascii -num 1 CONN: 1), Connection closed
WCCILevent   (0), 2026.04.12 12:03:15.185, SYS,  WARNING,   105, Invalid license, LAPTOP-SF9TOL9F: No license found, Running as demo version, ascii
WCCILevent   (0), 2026.04.12 12:03:15.194, SYS,  INFO,        4, Connected to (SYS: 1 Ascii -num 1 CONN: 1) @ LAPTOP-SF9TOL9F (::1)
WCCILevent   (0), 2026.04.12 12:03:15.249, SYS,  INFO,       39, Connection lost, MAN: (SYS: 1 Ascii -num 1 CONN: 1), Connection closed
WCCILevent   (0), 2026.04.12 12:03:15.273, SYS,  INFO,       39, Connection lost, MAN: (SYS: 1 Driver -num 2 CONN: 1), Connection closed
WCCILevent   (0), 2026.04.12 12:03:15.304, SYS,  INFO,       39, Connection lost, MAN: (SYS: 1 Driver -num 1 CONN: 1), Connection closed
WCCILevent   (0), 2026.04.12 12:03:15.412, SYS,  INFO,        2, Manager Stop, received signal 15, exiting
WCCILevent   (0), 2026.04.12 12:03:15.412, SYS,  INFO,        2, Manager Stop, start cleanup
WCCILevent   (0), 2026.04.12 12:03:15.413, SYS,  INFO,      181, Closing connection to (SYS: 1 Data -num 0 CONN: 1)
WCCILevent   (0), 2026.04.12 12:03:15.413, SYS,  INFO,       39, Connection lost, MAN: (SYS: 1 Data -num 0 CONN: 1), Connection closed
WCCILevent   (0), 2026.04.12 12:03:15.435, SYS,  INFO,        2, Manager Stop
