2026-04-12 12:03:27.571 EET [21572] LOG:  starting PostgreSQL 16.10, compiled by Visual C++ build 1944, 64-bit
2026-04-12 12:03:27.572 EET [21572] LOG:  listening on IPv6 address "::", port 15432
2026-04-12 12:03:27.572 EET [21572] LOG:  listening on IPv4 address "0.0.0.0", port 15432
2026-04-12 12:03:27.576 EET [21572] LOG:  listening on Unix socket "C:/Users/User/AppData/Local/.winccoa/.s.PGSQL.15432"
2026-04-12 12:03:27.616 EET [228] LOG:  database system was shut down at 2026-04-12 12:03:26 EET
2026-04-12 12:03:27.633 EET [21572] LOG:  database system is ready to accept connections
2026-04-12 12:03:28.416 EET [21572] LOG:  could not reserve shared memory region (addr=000001E0492B0000) for child 00000000000014D8: error code 487
2026-04-12 12:03:28.608 EET [21572] LOG:  received fast shutdown request
2026-04-12 12:03:28.609 EET [21572] LOG:  aborting any active transactions
2026-04-12 12:03:28.618 EET [21572] LOG:  background worker "logical replication launcher" (PID 3328) exited with exit code 1
2026-04-12 12:03:28.619 EET [4652] LOG:  shutting down
2026-04-12 12:03:28.620 EET [4652] LOG:  checkpoint starting: shutdown immediate
2026-04-12 12:03:28.765 EET [4652] LOG:  checkpoint complete: wrote 1017 buffers (0.2%); 0 WAL file(s) added, 0 removed, 0 recycled; write=0.037 s, sync=0.107 s, total=0.146 s; sync files=350, longest=0.003 s, average=0.001 s; distance=4773 kB, estimate=4773 kB; lsn=0/1A20CC0, redo lsn=0/1A20CC0
2026-04-12 12:03:28.821 EET [21572] LOG:  database system is shut down
2026-04-12 12:03:29.530 EET [4272] LOG:  starting PostgreSQL 16.10, compiled by Visual C++ build 1944, 64-bit
2026-04-12 12:03:29.531 EET [4272] LOG:  listening on IPv6 address "::", port 15432
2026-04-12 12:03:29.531 EET [4272] LOG:  listening on IPv4 address "0.0.0.0", port 15432
2026-04-12 12:03:29.536 EET [4272] LOG:  listening on Unix socket "C:/Users/User/AppData/Local/.winccoa/.s.PGSQL.15432"
2026-04-12 12:03:29.580 EET [20904] LOG:  database system was shut down at 2026-04-12 12:03:28 EET
2026-04-12 12:03:29.599 EET [4272] LOG:  database system is ready to accept connections
2026-04-12 12:03:39.882 EET [4272] LOG:  received SIGHUP, reloading configuration files
2026-04-12 12:06:14.751 EET [4272] LOG:  received fast shutdown request
2026-04-12 12:06:14.754 EET [4272] LOG:  aborting any active transactions
2026-04-12 12:06:14.754 EET [23812] FATAL:  terminating connection due to administrator command
2026-04-12 12:06:14.759 EET [4272] LOG:  background worker "logical replication launcher" (PID 4788) exited with exit code 1
2026-04-12 12:06:14.779 EET [12788] LOG:  shutting down
2026-04-12 12:06:14.780 EET [12788] LOG:  checkpoint starting: shutdown immediate
2026-04-12 12:06:14.833 EET [12788] LOG:  checkpoint complete: wrote 207 buffers (0.0%); 0 WAL file(s) added, 0 removed, 0 recycled; write=0.022 s, sync=0.029 s, total=0.054 s; sync files=94, longest=0.002 s, average=0.001 s; distance=1709 kB, estimate=1709 kB; lsn=0/1BCC1C8, redo lsn=0/1BCC1C8
2026-04-12 12:06:14.858 EET [4272] LOG:  database system is shut down
2026-04-12 12:06:27.526 EET [5528] LOG:  starting PostgreSQL 16.10, compiled by Visual C++ build 1944, 64-bit
2026-04-12 12:06:27.527 EET [5528] LOG:  listening on IPv6 address "::", port 15432
2026-04-12 12:06:27.527 EET [5528] LOG:  listening on IPv4 address "0.0.0.0", port 15432
2026-04-12 12:06:27.532 EET [5528] LOG:  listening on Unix socket "C:/Users/User/AppData/Local/.winccoa/.s.PGSQL.15432"
2026-04-12 12:06:27.571 EET [8452] LOG:  database system was shut down at 2026-04-12 12:06:14 EET
2026-04-12 12:06:27.587 EET [5528] LOG:  database system is ready to accept connections
2026-04-12 12:11:27.578 EET [20008] LOG:  checkpoint starting: time
2026-04-12 12:11:36.067 EET [20008] LOG:  checkpoint complete: wrote 80 buffers (0.0%); 1 WAL file(s) added, 0 removed, 0 recycled; write=8.426 s, sync=0.021 s, total=8.490 s; sync files=50, longest=0.003 s, average=0.001 s; distance=286 kB, estimate=286 kB; lsn=0/1C142D0, redo lsn=0/1C13BA8
2026-04-12 12:16:27.083 EET [20008] LOG:  checkpoint starting: time
2026-04-12 12:16:31.800 EET [20008] LOG:  checkpoint complete: wrote 44 buffers (0.0%); 0 WAL file(s) added, 0 removed, 0 recycled; write=4.698 s, sync=0.013 s, total=4.718 s; sync files=27, longest=0.003 s, average=0.001 s; distance=246 kB, estimate=282 kB; lsn=0/1C515F0, redo lsn=0/1C515B8
2026-04-12 12:17:15.156 EET [5528] LOG:  could not reserve shared memory region (addr=0000021E153B0000) for child 0000000000001440: error code 487
2026-04-12 12:21:27.809 EET [20008] LOG:  checkpoint starting: time
2026-04-12 12:21:35.135 EET [20008] LOG:  checkpoint complete: wrote 68 buffers (0.0%); 0 WAL file(s) added, 0 removed, 0 recycled; write=7.301 s, sync=0.016 s, total=7.327 s; sync files=31, longest=0.002 s, average=0.001 s; distance=301 kB, estimate=301 kB; lsn=0/1C9CC30, redo lsn=0/1C9CBF8
2026-04-12 12:26:27.147 EET [20008] LOG:  checkpoint starting: time
2026-04-12 12:26:32.323 EET [20008] LOG:  checkpoint complete: wrote 48 buffers (0.0%); 0 WAL file(s) added, 0 removed, 0 recycled; write=5.152 s, sync=0.017 s, total=5.176 s; sync files=30, longest=0.005 s, average=0.001 s; distance=237 kB, estimate=295 kB; lsn=0/1CD82C0, redo lsn=0/1CD8288
2026-04-12 12:31:27.339 EET [20008] LOG:  checkpoint starting: time
2026-04-12 12:31:31.165 EET [20008] LOG:  checkpoint complete: wrote 36 buffers (0.0%); 0 WAL file(s) added, 0 removed, 0 recycled; write=3.808 s, sync=0.011 s, total=3.827 s; sync files=25, longest=0.001 s, average=0.001 s; distance=193 kB, estimate=284 kB; lsn=0/1D087B0, redo lsn=0/1D08778
2026-04-12 12:32:41.272 EET [5528] LOG:  received fast shutdown request
2026-04-12 12:32:41.273 EET [5528] LOG:  aborting any active transactions
2026-04-12 12:32:41.273 EET [22940] FATAL:  terminating connection due to administrator command
2026-04-12 12:32:41.279 EET [5528] LOG:  background worker "logical replication launcher" (PID 12280) exited with exit code 1
2026-04-12 12:32:41.284 EET [20008] LOG:  shutting down
2026-04-12 12:32:41.285 EET [20008] LOG:  checkpoint starting: shutdown immediate
2026-04-12 12:32:41.296 EET [20008] LOG:  checkpoint complete: wrote 6 buffers (0.0%); 0 WAL file(s) added, 0 removed, 0 recycled; write=0.007 s, sync=0.002 s, total=0.012 s; sync files=6, longest=0.001 s, average=0.001 s; distance=12 kB, estimate=257 kB; lsn=0/1D0B9A0, redo lsn=0/1D0B9A0
2026-04-12 12:32:41.317 EET [5528] LOG:  database system is shut down
